Determining if the Q_WS_WIN exist failed with the following output:
Change Dir: /home/msv/msv/sources/OpenDaVINCI-msv/bin/CMakeFiles/CMakeTmp

Run Build Command:/usr/bin/make "cmTryCompileExec2881116422/fast"
/usr/bin/make -f CMakeFiles/cmTryCompileExec2881116422.dir/build.make CMakeFiles/cmTryCompileExec2881116422.dir/build
make[1]: Entering directory '/home/msv/msv/sources/OpenDaVINCI-msv/bin/CMakeFiles/CMakeTmp'
/usr/bin/cmake -E cmake_progress_report /home/msv/msv/sources/OpenDaVINCI-msv/bin/CMakeFiles/CMakeTmp/CMakeFiles 1
Building CXX object CMakeFiles/cmTryCompileExec2881116422.dir/CheckSymbolExists.cxx.o
/usr/bin/c++    -Wno-deprecated -Wall -Werror -Wextra -Wfloat-equal -Wshadow -Wpointer-arith -Wwrite-strings -Wpacked -pipe -ansi -Wmissing-format-attribute -Wredundant-decls -Wno-error=effc++ -Weffc++  -I/usr/include/qt4    -o CMakeFiles/cmTryCompileExec2881116422.dir/CheckSymbolExists.cxx.o -c /home/msv/msv/sources/OpenDaVINCI-msv/bin/CMakeFiles/CMakeTmp/CheckSymbolExists.cxx
/home/msv/msv/sources/OpenDaVINCI-msv/bin/CMakeFiles/CMakeTmp/CheckSymbolExists.cxx: In function ‘int main(int, char**)’:
/home/msv/msv/sources/OpenDaVINCI-msv/bin/CMakeFiles/CMakeTmp/CheckSymbolExists.cxx:8:19: error: ‘Q_WS_WIN’ was not declared in this scope
   return ((int*)(&Q_WS_WIN))[argc];
                   ^
CMakeFiles/cmTryCompileExec2881116422.dir/build.make:57: recipe for target 'CMakeFiles/cmTryCompileExec2881116422.dir/CheckSymbolExists.cxx.o' failed
make[1]: Leaving directory '/home/msv/msv/sources/OpenDaVINCI-msv/bin/CMakeFiles/CMakeTmp'
make[1]: *** [CMakeFiles/cmTryCompileExec2881116422.dir/CheckSymbolExists.cxx.o] Error 1
Makefile:114: recipe for target 'cmTryCompileExec2881116422/fast' failed
make: *** [cmTryCompileExec2881116422/fast] Error 2

File /home/msv/msv/sources/OpenDaVINCI-msv/bin/CMakeFiles/CMakeTmp/CheckSymbolExists.cxx:
/* */
#include <QtCore/qglobal.h>

int main(int argc, char** argv)
{
  (void)argv;
#ifndef Q_WS_WIN
  return ((int*)(&Q_WS_WIN))[argc];
#else
  (void)argc;
  return 0;
#endif
}

Determining if the Q_WS_QWS exist failed with the following output:
Change Dir: /home/msv/msv/sources/OpenDaVINCI-msv/bin/CMakeFiles/CMakeTmp

Run Build Command:/usr/bin/make "cmTryCompileExec4253669823/fast"
/usr/bin/make -f CMakeFiles/cmTryCompileExec4253669823.dir/build.make CMakeFiles/cmTryCompileExec4253669823.dir/build
make[1]: Entering directory '/home/msv/msv/sources/OpenDaVINCI-msv/bin/CMakeFiles/CMakeTmp'
/usr/bin/cmake -E cmake_progress_report /home/msv/msv/sources/OpenDaVINCI-msv/bin/CMakeFiles/CMakeTmp/CMakeFiles 1
Building CXX object CMakeFiles/cmTryCompileExec4253669823.dir/CheckSymbolExists.cxx.o
/usr/bin/c++    -Wno-deprecated -Wall -Werror -Wextra -Wfloat-equal -Wshadow -Wpointer-arith -Wwrite-strings -Wpacked -pipe -ansi -Wmissing-format-attribute -Wredundant-decls -Wno-error=effc++ -Weffc++  -I/usr/include/qt4    -o CMakeFiles/cmTryCompileExec4253669823.dir/CheckSymbolExists.cxx.o -c /home/msv/msv/sources/OpenDaVINCI-msv/bin/CMakeFiles/CMakeTmp/CheckSymbolExists.cxx
/home/msv/msv/sources/OpenDaVINCI-msv/bin/CMakeFiles/CMakeTmp/CheckSymbolExists.cxx: In function ‘int main(int, char**)’:
/home/msv/msv/sources/OpenDaVINCI-msv/bin/CMakeFiles/CMakeTmp/CheckSymbolExists.cxx:8:19: error: ‘Q_WS_QWS’ was not declared in this scope
   return ((int*)(&Q_WS_QWS))[argc];
                   ^
CMakeFiles/cmTryCompileExec4253669823.dir/build.make:57: recipe for target 'CMakeFiles/cmTryCompileExec4253669823.dir/CheckSymbolExists.cxx.o' failed
make[1]: Leaving directory '/home/msv/msv/sources/OpenDaVINCI-msv/bin/CMakeFiles/CMakeTmp'
make[1]: *** [CMakeFiles/cmTryCompileExec4253669823.dir/CheckSymbolExists.cxx.o] Error 1
Makefile:114: recipe for target 'cmTryCompileExec4253669823/fast' failed
make: *** [cmTryCompileExec4253669823/fast] Error 2

File /home/msv/msv/sources/OpenDaVINCI-msv/bin/CMakeFiles/CMakeTmp/CheckSymbolExists.cxx:
/* */
#include <QtCore/qglobal.h>

int main(int argc, char** argv)
{
  (void)argv;
#ifndef Q_WS_QWS
  return ((int*)(&Q_WS_QWS))[argc];
#else
  (void)argc;
  return 0;
#endif
}

Determining if the Q_WS_MAC exist failed with the following output:
Change Dir: /home/msv/msv/sources/OpenDaVINCI-msv/bin/CMakeFiles/CMakeTmp

Run Build Command:/usr/bin/make "cmTryCompileExec2361485493/fast"
/usr/bin/make -f CMakeFiles/cmTryCompileExec2361485493.dir/build.make CMakeFiles/cmTryCompileExec2361485493.dir/build
make[1]: Entering directory '/home/msv/msv/sources/OpenDaVINCI-msv/bin/CMakeFiles/CMakeTmp'
/usr/bin/cmake -E cmake_progress_report /home/msv/msv/sources/OpenDaVINCI-msv/bin/CMakeFiles/CMakeTmp/CMakeFiles 1
Building CXX object CMakeFiles/cmTryCompileExec2361485493.dir/CheckSymbolExists.cxx.o
/usr/bin/c++    -Wno-deprecated -Wall -Werror -Wextra -Wfloat-equal -Wshadow -Wpointer-arith -Wwrite-strings -Wpacked -pipe -ansi -Wmissing-format-attribute -Wredundant-decls -Wno-error=effc++ -Weffc++  -I/usr/include/qt4    -o CMakeFiles/cmTryCompileExec2361485493.dir/CheckSymbolExists.cxx.o -c /home/msv/msv/sources/OpenDaVINCI-msv/bin/CMakeFiles/CMakeTmp/CheckSymbolExists.cxx
/home/msv/msv/sources/OpenDaVINCI-msv/bin/CMakeFiles/CMakeTmp/CheckSymbolExists.cxx: In function ‘int main(int, char**)’:
/home/msv/msv/sources/OpenDaVINCI-msv/bin/CMakeFiles/CMakeTmp/CheckSymbolExists.cxx:8:19: error: ‘Q_WS_MAC’ was not declared in this scope
   return ((int*)(&Q_WS_MAC))[argc];
                   ^
CMakeFiles/cmTryCompileExec2361485493.dir/build.make:57: recipe for target 'CMakeFiles/cmTryCompileExec2361485493.dir/CheckSymbolExists.cxx.o' failed
make[1]: Leaving directory '/home/msv/msv/sources/OpenDaVINCI-msv/bin/CMakeFiles/CMakeTmp'
make[1]: *** [CMakeFiles/cmTryCompileExec2361485493.dir/CheckSymbolExists.cxx.o] Error 1
Makefile:114: recipe for target 'cmTryCompileExec2361485493/fast' failed
make: *** [cmTryCompileExec2361485493/fast] Error 2

File /home/msv/msv/sources/OpenDaVINCI-msv/bin/CMakeFiles/CMakeTmp/CheckSymbolExists.cxx:
/* */
#include <QtCore/qglobal.h>

int main(int argc, char** argv)
{
  (void)argv;
#ifndef Q_WS_MAC
  return ((int*)(&Q_WS_MAC))[argc];
#else
  (void)argc;
  return 0;
#endif
}

