Determining if the Q_WS_WIN exist failed with the following output:
Change Dir: /home/li/workspace/msv/tangyuanrobot/CMakeFiles/CMakeTmp

Run Build Command:/usr/bin/make "cmTryCompileExec2975865209/fast"
/usr/bin/make -f CMakeFiles/cmTryCompileExec2975865209.dir/build.make CMakeFiles/cmTryCompileExec2975865209.dir/build
make[1]: Entering directory `/home/li/workspace/msv/tangyuanrobot/CMakeFiles/CMakeTmp'
/usr/bin/cmake -E cmake_progress_report /home/li/workspace/msv/tangyuanrobot/CMakeFiles/CMakeTmp/CMakeFiles 1
Building CXX object CMakeFiles/cmTryCompileExec2975865209.dir/CheckSymbolExists.cxx.o
/usr/bin/c++    -Wno-deprecated -Wall -Werror -Wextra -Wfloat-equal -Wshadow -Wpointer-arith -Wwrite-strings -Wpacked -pipe -ansi -Wmissing-format-attribute -Wredundant-decls -Wno-error=effc++ -Weffc++  -I/usr/include/qt4    -o CMakeFiles/cmTryCompileExec2975865209.dir/CheckSymbolExists.cxx.o -c /home/li/workspace/msv/tangyuanrobot/CMakeFiles/CMakeTmp/CheckSymbolExists.cxx
In file included from /home/li/workspace/msv/tangyuanrobot/CMakeFiles/CMakeTmp/CheckSymbolExists.cxx:2:0:
/usr/include/qt4/QtCore/qglobal.h: In instantiation of ‘struct QIntegerForSizeof<void*>’:
/usr/include/qt4/QtCore/qglobal.h:988:33:   required from here
/usr/include/qt4/QtCore/qglobal.h:987:27: warning: base class ‘struct QIntegerForSize<8>’ has a non-virtual destructor [-Weffc++]
 template <class T> struct QIntegerForSizeof: QIntegerForSize<sizeof(T)> { };
                           ^
/home/li/workspace/msv/tangyuanrobot/CMakeFiles/CMakeTmp/CheckSymbolExists.cxx: In function ‘int main(int, char**)’:
/home/li/workspace/msv/tangyuanrobot/CMakeFiles/CMakeTmp/CheckSymbolExists.cxx:8:19: error: ‘Q_WS_WIN’ was not declared in this scope
   return ((int*)(&Q_WS_WIN))[argc];
                   ^
make[1]: *** [CMakeFiles/cmTryCompileExec2975865209.dir/CheckSymbolExists.cxx.o] Error 1
make[1]: Leaving directory `/home/li/workspace/msv/tangyuanrobot/CMakeFiles/CMakeTmp'
make: *** [cmTryCompileExec2975865209/fast] Error 2

File /home/li/workspace/msv/tangyuanrobot/CMakeFiles/CMakeTmp/CheckSymbolExists.cxx:
/* */
#include <QtCore/qglobal.h>

int main(int argc, char** argv)
{
  (void)argv;
#ifndef Q_WS_WIN
  return ((int*)(&Q_WS_WIN))[argc];
#else
  (void)argc;
  return 0;
#endif
}

Determining if the Q_WS_QWS exist failed with the following output:
Change Dir: /home/li/workspace/msv/tangyuanrobot/CMakeFiles/CMakeTmp

Run Build Command:/usr/bin/make "cmTryCompileExec2263290966/fast"
/usr/bin/make -f CMakeFiles/cmTryCompileExec2263290966.dir/build.make CMakeFiles/cmTryCompileExec2263290966.dir/build
make[1]: Entering directory `/home/li/workspace/msv/tangyuanrobot/CMakeFiles/CMakeTmp'
/usr/bin/cmake -E cmake_progress_report /home/li/workspace/msv/tangyuanrobot/CMakeFiles/CMakeTmp/CMakeFiles 1
Building CXX object CMakeFiles/cmTryCompileExec2263290966.dir/CheckSymbolExists.cxx.o
/usr/bin/c++    -Wno-deprecated -Wall -Werror -Wextra -Wfloat-equal -Wshadow -Wpointer-arith -Wwrite-strings -Wpacked -pipe -ansi -Wmissing-format-attribute -Wredundant-decls -Wno-error=effc++ -Weffc++  -I/usr/include/qt4    -o CMakeFiles/cmTryCompileExec2263290966.dir/CheckSymbolExists.cxx.o -c /home/li/workspace/msv/tangyuanrobot/CMakeFiles/CMakeTmp/CheckSymbolExists.cxx
In file included from /home/li/workspace/msv/tangyuanrobot/CMakeFiles/CMakeTmp/CheckSymbolExists.cxx:2:0:
/usr/include/qt4/QtCore/qglobal.h: In instantiation of ‘struct QIntegerForSizeof<void*>’:
/usr/include/qt4/QtCore/qglobal.h:988:33:   required from here
/usr/include/qt4/QtCore/qglobal.h:987:27: warning: base class ‘struct QIntegerForSize<8>’ has a non-virtual destructor [-Weffc++]
 template <class T> struct QIntegerForSizeof: QIntegerForSize<sizeof(T)> { };
                           ^
/home/li/workspace/msv/tangyuanrobot/CMakeFiles/CMakeTmp/CheckSymbolExists.cxx: In function ‘int main(int, char**)’:
/home/li/workspace/msv/tangyuanrobot/CMakeFiles/CMakeTmp/CheckSymbolExists.cxx:8:19: error: ‘Q_WS_QWS’ was not declared in this scope
   return ((int*)(&Q_WS_QWS))[argc];
                   ^
make[1]: *** [CMakeFiles/cmTryCompileExec2263290966.dir/CheckSymbolExists.cxx.o] Error 1
make[1]: Leaving directory `/home/li/workspace/msv/tangyuanrobot/CMakeFiles/CMakeTmp'
make: *** [cmTryCompileExec2263290966/fast] Error 2

File /home/li/workspace/msv/tangyuanrobot/CMakeFiles/CMakeTmp/CheckSymbolExists.cxx:
/* */
#include <QtCore/qglobal.h>

int main(int argc, char** argv)
{
  (void)argv;
#ifndef Q_WS_QWS
  return ((int*)(&Q_WS_QWS))[argc];
#else
  (void)argc;
  return 0;
#endif
}

Determining if the Q_WS_MAC exist failed with the following output:
Change Dir: /home/li/workspace/msv/tangyuanrobot/CMakeFiles/CMakeTmp

Run Build Command:/usr/bin/make "cmTryCompileExec1414291560/fast"
/usr/bin/make -f CMakeFiles/cmTryCompileExec1414291560.dir/build.make CMakeFiles/cmTryCompileExec1414291560.dir/build
make[1]: Entering directory `/home/li/workspace/msv/tangyuanrobot/CMakeFiles/CMakeTmp'
/usr/bin/cmake -E cmake_progress_report /home/li/workspace/msv/tangyuanrobot/CMakeFiles/CMakeTmp/CMakeFiles 1
Building CXX object CMakeFiles/cmTryCompileExec1414291560.dir/CheckSymbolExists.cxx.o
/usr/bin/c++    -Wno-deprecated -Wall -Werror -Wextra -Wfloat-equal -Wshadow -Wpointer-arith -Wwrite-strings -Wpacked -pipe -ansi -Wmissing-format-attribute -Wredundant-decls -Wno-error=effc++ -Weffc++  -I/usr/include/qt4    -o CMakeFiles/cmTryCompileExec1414291560.dir/CheckSymbolExists.cxx.o -c /home/li/workspace/msv/tangyuanrobot/CMakeFiles/CMakeTmp/CheckSymbolExists.cxx
In file included from /home/li/workspace/msv/tangyuanrobot/CMakeFiles/CMakeTmp/CheckSymbolExists.cxx:2:0:
/usr/include/qt4/QtCore/qglobal.h: In instantiation of ‘struct QIntegerForSizeof<void*>’:
/usr/include/qt4/QtCore/qglobal.h:988:33:   required from here
/usr/include/qt4/QtCore/qglobal.h:987:27: warning: base class ‘struct QIntegerForSize<8>’ has a non-virtual destructor [-Weffc++]
 template <class T> struct QIntegerForSizeof: QIntegerForSize<sizeof(T)> { };
                           ^
/home/li/workspace/msv/tangyuanrobot/CMakeFiles/CMakeTmp/CheckSymbolExists.cxx: In function ‘int main(int, char**)’:
/home/li/workspace/msv/tangyuanrobot/CMakeFiles/CMakeTmp/CheckSymbolExists.cxx:8:19: error: ‘Q_WS_MAC’ was not declared in this scope
   return ((int*)(&Q_WS_MAC))[argc];
                   ^
make[1]: *** [CMakeFiles/cmTryCompileExec1414291560.dir/CheckSymbolExists.cxx.o] Error 1
make[1]: Leaving directory `/home/li/workspace/msv/tangyuanrobot/CMakeFiles/CMakeTmp'
make: *** [cmTryCompileExec1414291560/fast] Error 2

File /home/li/workspace/msv/tangyuanrobot/CMakeFiles/CMakeTmp/CheckSymbolExists.cxx:
/* */
#include <QtCore/qglobal.h>

int main(int argc, char** argv)
{
  (void)argv;
#ifndef Q_WS_MAC
  return ((int*)(&Q_WS_MAC))[argc];
#else
  (void)argc;
  return 0;
#endif
}

